#
# There is insufficient memory for the Java Runtime Environment to continue.
# Native memory allocation (malloc) failed to allocate 1048576 bytes for AllocateHeap
# Possible reasons:
#   The system is out of physical RAM or swap space
#   The process is running with CompressedOops enabled, and the Java Heap may be blocking the growth of the native heap
# Possible solutions:
#   Reduce memory load on the system
#   Increase physical memory or swap space
#   Check if swap backing store is full
#   Decrease Java heap size (-Xmx/-Xms)
#   Decrease number of Java threads
#   Decrease Java thread stack sizes (-Xss)
#   Set larger code cache with -XX:ReservedCodeCacheSize=
#   JVM is running with Unscaled Compressed Oops mode in which the Java heap is
#     placed in the first 4GB address space. The Java Heap base address is the
#     maximum limit for the native heap growth. Please use -XX:HeapBaseMinAddress
#     to set the Java Heap base and to place the Java Heap above 4GB virtual address.
# This output file may be truncated or incomplete.
#
#  Out of Memory Error (memory/allocation.inline.hpp:61), pid=14804, tid=0x0000000000004be4
#
# JRE version:  (8.0_202-b08) (build )
# Java VM: Java HotSpot(TM) 64-Bit Server VM (25.202-b08 mixed mode windows-amd64 compressed oops)
# Failed to write core dump. Minidumps are not enabled by default on client versions of Windows
#

---------------  T H R E A D  ---------------

Current thread (0x00000000025c2800):  JavaThread "Unknown thread" [_thread_in_vm, id=19428, stack(0x00000000024c0000,0x00000000025c0000)]

Stack: [0x00000000024c0000,0x00000000025c0000]
[error occurred during error reporting (printing stack bounds), id 0xc0000005]

Native frames: (J=compiled Java code, j=interpreted, Vv=VM code, C=native code)


---------------  P R O C E S S  ---------------

Java Threads: ( => current thread )

Other Threads:

=>0x00000000025c2800 (exited) JavaThread "Unknown thread" [_thread_in_vm, id=19428, stack(0x00000000024c0000,0x00000000025c0000)]

VM state:not at safepoint (normal execution)

VM Mutex/Monitor currently owned by a thread: None

heap address: 0x0000000083000000, size: 2000 MB, Compressed Oops mode: 32-bit
Narrow klass base: 0x0000000000000000, Narrow klass shift: 3
Compressed class space size: 1073741824 Address: 0x0000000100000000

Heap:
 PSYoungGen      total 37888K, used 655K [0x00000000d6580000, 0x00000000d8f80000, 0x0000000100000000)
  eden space 32768K, 2% used [0x00000000d6580000,0x00000000d6623d80,0x00000000d8580000)
  from space 5120K, 0% used [0x00000000d8a80000,0x00000000d8a80000,0x00000000d8f80000)
  to   space 5120K, 0% used [0x00000000d8580000,0x00000000d8580000,0x00000000d8a80000)
 ParOldGen       total 86016K, used 0K [0x0000000083000000, 0x0000000088400000, 0x00000000d6580000)
  object space 86016K, 0% used [0x0000000083000000,0x0000000083000000,0x0000000088400000)
 Metaspace       used 775K, capacity 4480K, committed 4480K, reserved 1056768K
  class space    used 76K, capacity 384K, committed 384K, reserved 1048576K

Card table byte_map: [0x0000000011a80000,0x0000000011e70000] byte_map_base: 0x0000000011668000

Marking Bits: (ParMarkBitMap*) 0x00000000699c5ce0
 Begin Bits: [0x0000000012910000, 0x0000000014850000)
 End Bits:   [0x0000000014850000, 0x0000000016790000)

Polling page: 0x0000000000670000

CodeCache: size=245760Kb used=328Kb max_used=328Kb free=245431Kb
 bounds [0x00000000026c0000, 0x0000000002930000, 0x00000000116c0000]
 total_blobs=58 nmethods=0 adapters=38
 compilation: enabled

Compilation events (0 events):
No events

GC Heap History (0 events):
No events

Deoptimization events (0 events):
No events

Classes redefined (0 events):
No events

Internal exceptions (0 events):
No events

Events (10 events):
Event: 0.021 loading class java/lang/Short
Event: 0.021 loading class java/lang/Short done
Event: 0.021 loading class java/lang/Integer
Event: 0.021 loading class java/lang/Integer done
Event: 0.021 loading class java/lang/Long
Event: 0.022 loading class java/lang/Long done
Event: 0.022 loading class java/lang/NullPointerException
Event: 0.022 loading class java/lang/NullPointerException done
Event: 0.022 loading class java/lang/ArithmeticException
Event: 0.022 loading class java/lang/ArithmeticException done


Dynamic libraries:
0x00007ff661d00000 - 0x00007ff661d37000 	C:\Program Files\Java\jdk1.8.0_202\jre\bin\java.exe
0x00007ffd34e30000 - 0x00007ffd35025000 	C:\Windows\SYSTEM32\ntdll.dll
0x00007ffd33240000 - 0x00007ffd332fe000 	C:\Windows\System32\KERNEL32.DLL
0x00007ffd32800000 - 0x00007ffd32ac9000 	C:\Windows\System32\KERNELBASE.dll
0x00007ffd33190000 - 0x00007ffd3323c000 	C:\Windows\System32\ADVAPI32.dll
0x00007ffd330f0000 - 0x00007ffd3318e000 	C:\Windows\System32\msvcrt.dll
0x00007ffd32fe0000 - 0x00007ffd3307b000 	C:\Windows\System32\sechost.dll
0x00007ffd34cc0000 - 0x00007ffd34dea000 	C:\Windows\System32\RPCRT4.dll
0x00007ffd34460000 - 0x00007ffd34601000 	C:\Windows\System32\USER32.dll
0x00007ffd32550000 - 0x00007ffd32572000 	C:\Windows\System32\win32u.dll
0x00007ffd32fb0000 - 0x00007ffd32fdb000 	C:\Windows\System32\GDI32.dll
0x00007ffd32ad0000 - 0x00007ffd32bdb000 	C:\Windows\System32\gdi32full.dll
0x00007ffd32760000 - 0x00007ffd327fd000 	C:\Windows\System32\msvcp_win.dll
0x00007ffd32660000 - 0x00007ffd32760000 	C:\Windows\System32\ucrtbase.dll
0x00007ffd31950000 - 0x00007ffd31bea000 	C:\Windows\WinSxS\amd64_microsoft.windows.common-controls_6595b64144ccf1df_6.0.19041.1110_none_60b5254171f9507e\COMCTL32.dll
0x00007ffd34430000 - 0x00007ffd34460000 	C:\Windows\System32\IMM32.DLL
0x000000006b0d0000 - 0x000000006b1a2000 	C:\Program Files\Java\jdk1.8.0_202\jre\bin\msvcr100.dll
0x00000000691a0000 - 0x0000000069a45000 	C:\Program Files\Java\jdk1.8.0_202\jre\bin\server\jvm.dll
0x00007ffd34130000 - 0x00007ffd34138000 	C:\Windows\System32\PSAPI.DLL
0x00007ffd0f310000 - 0x00007ffd0f337000 	C:\Windows\SYSTEM32\WINMM.dll
0x00007ffd2d220000 - 0x00007ffd2d229000 	C:\Windows\SYSTEM32\WSOCK32.dll
0x00007ffd29700000 - 0x00007ffd2970a000 	C:\Windows\SYSTEM32\VERSION.dll
0x00007ffd33420000 - 0x00007ffd3348b000 	C:\Windows\System32\WS2_32.dll
0x00007ffd2f090000 - 0x00007ffd2f09f000 	C:\Program Files\Java\jdk1.8.0_202\jre\bin\verify.dll
0x00007ffd1ee80000 - 0x00007ffd1eea9000 	C:\Program Files\Java\jdk1.8.0_202\jre\bin\java.dll
0x00007ffd1efe0000 - 0x00007ffd1eff6000 	C:\Program Files\Java\jdk1.8.0_202\jre\bin\zip.dll

VM Arguments:
jvm_args: -Dfile.encoding=UTF-8 
java_command: C:\Users\BrianKrou\Documents\NetBeansProjects\juegoMemoriaM\dist\run404953279\juegoMemoriaM.jar
java_class_path (initial): C:\Users\BrianKrou\Documents\NetBeansProjects\juegoMemoriaM\dist\run404953279\juegoMemoriaM.jar
Launcher Type: SUN_STANDARD

Environment Variables:
PATH=C:\Program Files (x86)\Common Files\Oracle\Java\javapath;C:\Program Files (x86)\Common Files\Intel\Shared Libraries\redist\intel64\compiler;C:\Python310\Scripts\;C:\Python310\;C:\Windows\system32;C:\Windows;C:\Windows\System32\Wbem;C:\Windows\System32\WindowsPowerShell\v1.0\;C:\Windows\System32\OpenSSH\;C:\Program Files\nodejs\;C:\ProgramData\chocolatey\bin;C:\Program Files\Git\cmd;C:\Program Files\GitHub CLI\;C:\Users\BrianKrou\AppData\Local\Microsoft\WindowsApps;C:\Users\BrianKrou\AppData\Local\Programs\Microsoft VS Code\bin;C:\Users\BrianKrou\AppData\Roaming\npm;C:\Users\BrianKrou\AppData\Local\GitHubDesktop\bin
USERNAME=BrianKrou
OS=Windows_NT
PROCESSOR_IDENTIFIER=Intel64 Family 6 Model 126 Stepping 5, GenuineIntel



---------------  S Y S T E M  ---------------

OS: Windows 10.0 , 64 bit Build 19041 (10.0.19041.1202)

CPU:total 8 (initial active 8) (4 cores per cpu, 2 threads per core) family 6 model 126 stepping 5, cmov, cx8, fxsr, mmx, sse, sse2, sse3, ssse3, sse4.1, sse4.2, popcnt, avx, avx2, aes, clmul, erms, 3dnowpref, lzcnt, ht, tsc, tscinvbit, bmi1, bmi2, adx

Memory: 4k page, physical 8189396k(160012k free), swap 16578004k(5256k free)

vm_info: Java HotSpot(TM) 64-Bit Server VM (25.202-b08) for windows-amd64 JRE (1.8.0_202-b08), built on Dec 15 2018 19:54:30 by "java_re" with MS VC++ 10.0 (VS2010)

time: Sat Jun 18 04:07:57 2022
timezone: Hora est. Pacífico, Sudamérica
elapsed time: 0 seconds (0d 0h 0m 0s)

